<?xml version="1.0" encoding="UTF-8"?>
<!-- Generated by org.testng.reporters.JUnitReportReporter -->
<testsuite skipped="0" hostname="LAPTOP-E2FFA7B3" name="ADMIN" tests="1" failures="0" timestamp="2019-09-09T12:00:00 IST" time="7.375" errors="0">
  <testcase name="login" time="7.375" classname="ADMIN"/>
</testsuite> <!-- ADMIN -->
