<?xml version="1.0" encoding="UTF-8"?>
<!-- Generated by org.testng.reporters.JUnitReportReporter -->
<testsuite skipped="0" hostname="LAPTOP-E2FFA7B3" name="ADMIN2" tests="2" failures="0" timestamp="2019-09-06T12:33:01 IST" time="23.394" errors="0">
  <testcase name="login" time="7.432" classname="ADMIN2"/>
  <testcase name="update" time="15.962" classname="ADMIN2"/>
</testsuite> <!-- ADMIN2 -->
