<?xml version="1.0" encoding="UTF-8"?>
<!-- Generated by org.testng.reporters.JUnitReportReporter -->
<testsuite skipped="0" hostname="LAPTOP-E2FFA7B3" name="ENDUSER" tests="1" failures="0" timestamp="2019-09-09T12:32:26 IST" time="0.017" errors="0">
  <testcase name="mousehover" time="0.017" classname="ENDUSER"/>
</testsuite> <!-- ENDUSER -->
