<?xml version="1.0" encoding="UTF-8"?>
<!-- Generated by org.testng.reporters.JUnitReportReporter -->
<testsuite skipped="0" hostname="LAPTOP-E2FFA7B3" name="ENDUSER" tests="2" failures="0" timestamp="2019-09-09T15:41:53 IST" time="50.654" errors="0">
  <testcase name="loginregister" time="32.972" classname="ENDUSER"/>
  <testcase name="search" time="17.682" classname="ENDUSER"/>
</testsuite> <!-- ENDUSER -->
